Drill report for forrasztos.kicad_pcb
Created on Mon 14 Aug 2023 12:57:01 PM CEST

Copper Layer Stackup:
    =============================================================
    L1 :  F.Cu                      front
    L2 :  B.Cu                      back


Drill file 'forrasztos-PTH.drl' contains
    plated through holes:
    =============================================================
    T1  0.400mm  0.0157"  (187 holes)
    T2  0.800mm  0.0315"  (16 holes)
    T3  1.000mm  0.0394"  (47 holes)
    T4  1.300mm  0.0512"  (10 holes)
    T5  2.000mm  0.0787"  (2 holes)  (with 2 slots)
    T6  2.500mm  0.0984"  (5 holes)  (with 1 slot)
    T7  2.700mm  0.1063"  (1 hole)  (with 1 slot)

    Total plated holes count 268


Drill file 'forrasztos-NPTH.drl' contains
    unplated through holes:
    =============================================================

    Total unplated holes count 0
